{
  "RSpec": {
    "coverage": {
      "/Users/adamjonas/Projects/makers/week-10/gilded-rose-ruby/lib/item.rb": [
        1,
        1,
        null,
        1,
        16,
        16,
        16,
        null,
        null,
        1,
        1,
        null,
        null
      ],
      "/Users/adamjonas/Projects/makers/week-10/gilded-rose-ruby/lib/gilded_rose.rb": [
        1,
        null,
        1,
        12,
        null,
        null,
        1,
        111,
        111,
        7,
        5,
        3,
        null,
        null,
        null,
        null,
        104,
        30,
        30,
        1,
        0,
        0,
        null,
        null,
        null,
        1,
        0,
        0,
        null,
        null,
        null,
        null,
        null,
        null,
        111,
        109,
        null,
        null,
        111,
        103,
        3,
        3,
        1,
        1,
        null,
        null,
        null,
        null,
        0,
        null,
        null,
        100,
        25,
        null,
        null,
        null,
        null,
        null
      ],
      "/Users/adamjonas/Projects/makers/week-10/gilded-rose-ruby/spec/feature_spec.rb": [
        1,
        null,
        null
      ],
      "/Users/adamjonas/Projects/makers/week-10/gilded-rose-ruby/spec/gilded_rose_backstage_spec.rb": [
        1,
        1,
        1,
        2,
        null,
        1,
        1,
        1,
        1,
        2,
        null,
        null,
        null,
        null,
        null,
        null,
        null,
        null,
        null
      ],
      "/Users/adamjonas/Projects/makers/week-10/gilded-rose-ruby/spec/gilded_rose_brie_spec.rb": [
        1,
        1,
        4,
        2,
        null,
        1,
        1,
        1,
        1,
        2,
        null,
        null,
        1,
        1,
        1,
        1,
        2,
        null,
        null,
        null,
        1,
        1,
        1,
        1,
        2,
        null,
        null,
        null,
        1,
        1,
        101,
        1,
        null,
        null,
        null,
        null
      ],
      "/Users/adamjonas/Projects/makers/week-10/gilded-rose-ruby/spec/gilded_rose_spec.rb": [
        1,
        1,
        3,
        3,
        2,
        null,
        1,
        1,
        1,
        1,
        2,
        null,
        null,
        1,
        1,
        1,
        1,
        2,
        null,
        null,
        1,
        1,
        1,
        null,
        null,
        1,
        1,
        1,
        null,
        null,
        null,
        1,
        1,
        1,
        1,
        2,
        null,
        null,
        null,
        null,
        null
      ],
      "/Users/adamjonas/Projects/makers/week-10/gilded-rose-ruby/spec/gilded_rose_sulfuras_spec.rb": [
        1,
        1,
        3,
        null,
        1,
        1,
        1,
        1,
        2,
        null,
        null,
        1,
        1,
        1,
        null,
        null,
        null,
        null
      ],
      "/Users/adamjonas/Projects/makers/week-10/gilded-rose-ruby/spec/item_spec.rb": [
        1,
        5,
        null,
        1,
        1,
        1,
        null,
        null,
        null,
        1,
        1,
        1,
        null,
        null,
        null,
        1,
        1,
        1,
        null,
        null,
        null,
        1,
        1,
        1,
        null,
        null,
        null
      ]
    },
    "timestamp": 1617896494
  },
  "Unknown Test Framework": {
    "coverage": {
    },
    "timestamp": 1617893561
  },
  "Unit Tests": {
    "coverage": {
    },
    "timestamp": 1617893552
  }
}
