{
  "RSpec": {
    "coverage": {
      "/Users/adamjonas/Projects/makers/week-10/gilded-rose-ruby/lib/item.rb": [
        1,
        1,
        null,
        1,
        22,
        22,
        22,
        null,
        null,
        1,
        1,
        null,
        null
      ],
      "/Users/adamjonas/Projects/makers/week-10/gilded-rose-ruby/lib/gilded_rose.rb": [
        1,
        null,
        1,
        18,
        null,
        null,
        1,
        117,
        117,
        7,
        5,
        3,
        null,
        null,
        null,
        null,
        110,
        35,
        35,
        6,
        4,
        4,
        null,
        null,
        null,
        6,
        2,
        2,
        null,
        null,
        null,
        null,
        null,
        null,
        117,
        115,
        null,
        null,
        117,
        104,
        4,
        3,
        1,
        1,
        null,
        null,
        null,
        null,
        1,
        null,
        null,
        100,
        25,
        null,
        null,
        null,
        null,
        null
      ],
      "/Users/adamjonas/Projects/makers/week-10/gilded-rose-ruby/spec/feature_spec.rb": [
        1,
        null,
        null
      ],
      "/Users/adamjonas/Projects/makers/week-10/gilded-rose-ruby/spec/gilded_rose_backstage_spec.rb": [
        1,
        1,
        1,
        null,
        1,
        3,
        null,
        1,
        1,
        1,
        2,
        null,
        null,
        1,
        1,
        1,
        1,
        2,
        null,
        null,
        null,
        1,
        2,
        2,
        null,
        1,
        1,
        1,
        2,
        null,
        null,
        1,
        1,
        1,
        2,
        null,
        null,
        null,
        1,
        2,
        2,
        null,
        1,
        1,
        1,
        2,
        null,
        null,
        1,
        1,
        1,
        2,
        null,
        null,
        null,
        1,
        2,
        null,
        1,
        1,
        1,
        null,
        null,
        null,
        null,
        null
      ],
      "/Users/adamjonas/Projects/makers/week-10/gilded-rose-ruby/spec/gilded_rose_brie_spec.rb": [
        1,
        1,
        4,
        2,
        null,
        1,
        1,
        1,
        1,
        2,
        null,
        null,
        1,
        1,
        1,
        1,
        2,
        null,
        null,
        null,
        1,
        1,
        1,
        1,
        2,
        null,
        null,
        null,
        1,
        1,
        101,
        1,
        null,
        null,
        null,
        null
      ],
      "/Users/adamjonas/Projects/makers/week-10/gilded-rose-ruby/spec/gilded_rose_spec.rb": [
        1,
        1,
        3,
        3,
        2,
        null,
        1,
        1,
        1,
        1,
        2,
        null,
        null,
        1,
        1,
        1,
        1,
        2,
        null,
        null,
        1,
        1,
        1,
        null,
        null,
        1,
        1,
        1,
        null,
        null,
        null,
        1,
        1,
        1,
        1,
        2,
        null,
        null,
        null,
        null,
        null
      ],
      "/Users/adamjonas/Projects/makers/week-10/gilded-rose-ruby/spec/gilded_rose_sulfuras_spec.rb": [
        1,
        1,
        3,
        null,
        1,
        1,
        1,
        1,
        2,
        null,
        null,
        1,
        1,
        1,
        null,
        null,
        null,
        null
      ],
      "/Users/adamjonas/Projects/makers/week-10/gilded-rose-ruby/spec/item_spec.rb": [
        1,
        5,
        null,
        1,
        1,
        1,
        null,
        null,
        null,
        1,
        1,
        1,
        null,
        null,
        null,
        1,
        1,
        1,
        null,
        null,
        null,
        1,
        1,
        1,
        null,
        null,
        null
      ]
    },
    "timestamp": 1617897940
  },
  "Unknown Test Framework": {
    "coverage": {
    },
    "timestamp": 1617893561
  },
  "Unit Tests": {
    "coverage": {
    },
    "timestamp": 1617893552
  }
}
